<testsuites id="" name="" tests="1080" failures="240" skipped="831" errors="0" time="522.6491239999999">
<testsuite name="api-endpoints.spec.ts" timestamp="2025-10-20T16:58:14.439Z" hostname="docker-chromium" tests="38" failures="38" skipped="0" time="124.856" errors="0">
<testcase name="API Endpoints Tests › Admin API Endpoints › GET /api/v1/health - Complete health status" classname="api-endpoints.spec.ts" time="4.027">
<failure message="api-endpoints.spec.ts:17:9 GET /api/v1/health - Complete health status" type="FAILURE">
<![CDATA[  [docker-chromium] › api-endpoints.spec.ts:17:9 › API Endpoints Tests › Admin API Endpoints › GET /api/v1/health - Complete health status 

    Error: page.waitForLoadState: Target page, context or browser has been closed

      10 |     // Wait for system to be fully deployed
      11 |     await page.goto('http://localhost:3000');
    > 12 |     await page.waitForLoadState('networkidle');
         |                ^
      13 |   });
      14 |
      15 |   test.describe('Admin API Endpoints', () => {
        at C:\cursor\ha-ingestor\tests\e2e\api-endpoints.spec.ts:12:16

    Error: browserContext.close: Target page, context or browser has been closed
]]>
</failure>
</testcase>
<testcase name="API Endpoints Tests › Admin API Endpoints › GET /api/v1/stats - System statistics" classname="api-endpoints.spec.ts" time="3.814">
<failure message="api-endpoints.spec.ts:58:9 GET /api/v1/stats - System statistics" type="FAILURE">
<![CDATA[  [docker-chromium] › api-endpoints.spec.ts:58:9 › API Endpoints Tests › Admin API Endpoints › GET /api/v1/stats - System statistics 

    Error: page.waitForLoadState: Target page, context or browser has been closed

      10 |     // Wait for system to be fully deployed
      11 |     await page.goto('http://localhost:3000');
    > 12 |     await page.waitForLoadState('networkidle');
         |                ^
      13 |   });
      14 |
      15 |   test.describe('Admin API Endpoints', () => {
        at C:\cursor\ha-ingestor\tests\e2e\api-endpoints.spec.ts:12:16

    Error: browserContext.close: Target page, context or browser has been closed
]]>
</failure>
</testcase>
<testcase name="API Endpoints Tests › Admin API Endpoints › GET /api/v1/stats with period parameter" classname="api-endpoints.spec.ts" time="5.832">
<failure message="api-endpoints.spec.ts:77:9 GET /api/v1/stats with period parameter" type="FAILURE">
<![CDATA[  [docker-chromium] › api-endpoints.spec.ts:77:9 › API Endpoints Tests › Admin API Endpoints › GET /api/v1/stats with period parameter 

    Error: page.waitForLoadState: Target page, context or browser has been closed

      10 |     // Wait for system to be fully deployed
      11 |     await page.goto('http://localhost:3000');
    > 12 |     await page.waitForLoadState('networkidle');
         |                ^
      13 |   });
      14 |
      15 |   test.describe('Admin API Endpoints', () => {
        at C:\cursor\ha-ingestor\tests\e2e\api-endpoints.spec.ts:12:16

    Error: browserContext.close: Target page, context or browser has been closed
]]>
</failure>
</testcase>
<testcase name="API Endpoints Tests › Admin API Endpoints › GET /api/v1/stats with service parameter" classname="api-endpoints.spec.ts" time="4.062">
<failure message="api-endpoints.spec.ts:85:9 GET /api/v1/stats with service parameter" type="FAILURE">
<![CDATA[  [docker-chromium] › api-endpoints.spec.ts:85:9 › API Endpoints Tests › Admin API Endpoints › GET /api/v1/stats with service parameter 

    Error: page.waitForLoadState: Target page, context or browser has been closed

      10 |     // Wait for system to be fully deployed
      11 |     await page.goto('http://localhost:3000');
    > 12 |     await page.waitForLoadState('networkidle');
         |                ^
      13 |   });
      14 |
      15 |   test.describe('Admin API Endpoints', () => {
        at C:\cursor\ha-ingestor\tests\e2e\api-endpoints.spec.ts:12:16

    Error: browserContext.close: Target page, context or browser has been closed
]]>
</failure>
</testcase>
<testcase name="API Endpoints Tests › Admin API Endpoints › GET /api/v1/stats/services - Service-specific statistics" classname="api-endpoints.spec.ts" time="2.422">
<failure message="api-endpoints.spec.ts:93:9 GET /api/v1/stats/services - Service-specific statistics" type="FAILURE">
<![CDATA[  [docker-chromium] › api-endpoints.spec.ts:93:9 › API Endpoints Tests › Admin API Endpoints › GET /api/v1/stats/services - Service-specific statistics 

    Error: page.waitForLoadState: Target page, context or browser has been closed

      10 |     // Wait for system to be fully deployed
      11 |     await page.goto('http://localhost:3000');
    > 12 |     await page.waitForLoadState('networkidle');
         |                ^
      13 |   });
      14 |
      15 |   test.describe('Admin API Endpoints', () => {
        at C:\cursor\ha-ingestor\tests\e2e\api-endpoints.spec.ts:12:16

    Error: browserContext.close: Target page, context or browser has been closed
]]>
</failure>
</testcase>
<testcase name="API Endpoints Tests › Admin API Endpoints › GET /api/v1/config - System configuration" classname="api-endpoints.spec.ts" time="30.393">
<failure message="api-endpoints.spec.ts:101:9 GET /api/v1/config - System configuration" type="FAILURE">
<![CDATA[  [docker-chromium] › api-endpoints.spec.ts:101:9 › API Endpoints Tests › Admin API Endpoints › GET /api/v1/config - System configuration 

    Error: page.waitForLoadState: Target page, context or browser has been closed

      10 |     // Wait for system to be fully deployed
      11 |     await page.goto('http://localhost:3000');
    > 12 |     await page.waitForLoadState('networkidle');
         |                ^
      13 |   });
      14 |
      15 |   test.describe('Admin API Endpoints', () => {
        at C:\cursor\ha-ingestor\tests\e2e\api-endpoints.spec.ts:12:16

    Error: browserContext.close: Target page, context or browser has been closed
]]>
</failure>
</testcase>
<testcase name="API Endpoints Tests › Admin API Endpoints › PUT /api/v1/config - Update configuration" classname="api-endpoints.spec.ts" time="2.397">
<failure message="api-endpoints.spec.ts:117:9 PUT /api/v1/config - Update configuration" type="FAILURE">
<![CDATA[  [docker-chromium] › api-endpoints.spec.ts:117:9 › API Endpoints Tests › Admin API Endpoints › PUT /api/v1/config - Update configuration 

    Error: page.waitForLoadState: Target page, context or browser has been closed

      10 |     // Wait for system to be fully deployed
      11 |     await page.goto('http://localhost:3000');
    > 12 |     await page.waitForLoadState('networkidle');
         |                ^
      13 |   });
      14 |
      15 |   test.describe('Admin API Endpoints', () => {
        at C:\cursor\ha-ingestor\tests\e2e\api-endpoints.spec.ts:12:16

    Error: browserContext.close: Target page, context or browser has been closed
]]>
</failure>
</testcase>
<testcase name="API Endpoints Tests › Admin API Endpoints › GET /api/v1/events - Recent events" classname="api-endpoints.spec.ts" time="4.196">
<failure message="api-endpoints.spec.ts:143:9 GET /api/v1/events - Recent events" type="FAILURE">
<![CDATA[  [docker-chromium] › api-endpoints.spec.ts:143:9 › API Endpoints Tests › Admin API Endpoints › GET /api/v1/events - Recent events 

    Error: page.waitForLoadState: Target page, context or browser has been closed

      10 |     // Wait for system to be fully deployed
      11 |     await page.goto('http://localhost:3000');
    > 12 |     await page.waitForLoadState('networkidle');
         |                ^
      13 |   });
      14 |
      15 |   test.describe('Admin API Endpoints', () => {
        at C:\cursor\ha-ingestor\tests\e2e\api-endpoints.spec.ts:12:16

    Error: browserContext.close: Target page, context or browser has been closed
]]>
</failure>
</testcase>
<testcase name="API Endpoints Tests › Admin API Endpoints › GET /api/v1/events with query parameters" classname="api-endpoints.spec.ts" time="3.12">
<failure message="api-endpoints.spec.ts:159:9 GET /api/v1/events with query parameters" type="FAILURE">
<![CDATA[  [docker-chromium] › api-endpoints.spec.ts:159:9 › API Endpoints Tests › Admin API Endpoints › GET /api/v1/events with query parameters 

    Error: page.waitForLoadState: Target page, context or browser has been closed

      10 |     // Wait for system to be fully deployed
      11 |     await page.goto('http://localhost:3000');
    > 12 |     await page.waitForLoadState('networkidle');
         |                ^
      13 |   });
      14 |
      15 |   test.describe('Admin API Endpoints', () => {
        at C:\cursor\ha-ingestor\tests\e2e\api-endpoints.spec.ts:12:16

    Error: browserContext.close: Target page, context or browser has been closed
]]>
</failure>
</testcase>
<testcase name="API Endpoints Tests › Admin API Endpoints › GET /api/v1/events with filters" classname="api-endpoints.spec.ts" time="3.715">
<failure message="api-endpoints.spec.ts:168:9 GET /api/v1/events with filters" type="FAILURE">
<![CDATA[  [docker-chromium] › api-endpoints.spec.ts:168:9 › API Endpoints Tests › Admin API Endpoints › GET /api/v1/events with filters 

    Error: page.waitForLoadState: Target page, context or browser has been closed

      10 |     // Wait for system to be fully deployed
      11 |     await page.goto('http://localhost:3000');
    > 12 |     await page.waitForLoadState('networkidle');
         |                ^
      13 |   });
      14 |
      15 |   test.describe('Admin API Endpoints', () => {
        at C:\cursor\ha-ingestor\tests\e2e\api-endpoints.spec.ts:12:16

    Error: browserContext.close: Target page, context or browser has been closed
]]>
</failure>
</testcase>
<testcase name="API Endpoints Tests › Admin API Endpoints › GET /api/v1/events/{event_id} - Specific event" classname="api-endpoints.spec.ts" time="1.276">
<failure message="api-endpoints.spec.ts:176:9 GET /api/v1/events/{event_id} - Specific event" type="FAILURE">
<![CDATA[  [docker-chromium] › api-endpoints.spec.ts:176:9 › API Endpoints Tests › Admin API Endpoints › GET /api/v1/events/{event_id} - Specific event 

    Error: page.waitForLoadState: Target page, context or browser has been closed

      10 |     // Wait for system to be fully deployed
      11 |     await page.goto('http://localhost:3000');
    > 12 |     await page.waitForLoadState('networkidle');
         |                ^
      13 |   });
      14 |
      15 |   test.describe('Admin API Endpoints', () => {
        at C:\cursor\ha-ingestor\tests\e2e\api-endpoints.spec.ts:12:16

    Error: browserContext.close: Target page, context or browser has been closed
]]>
</failure>
</testcase>
<testcase name="API Endpoints Tests › Admin API Endpoints › POST /api/v1/events/search - Search events" classname="api-endpoints.spec.ts" time="0.995">
<failure message="api-endpoints.spec.ts:194:9 POST /api/v1/events/search - Search events" type="FAILURE">
<![CDATA[  [docker-chromium] › api-endpoints.spec.ts:194:9 › API Endpoints Tests › Admin API Endpoints › POST /api/v1/events/search - Search events 

    Error: page.waitForLoadState: Target page, context or browser has been closed

      10 |     // Wait for system to be fully deployed
      11 |     await page.goto('http://localhost:3000');
    > 12 |     await page.waitForLoadState('networkidle');
         |                ^
      13 |   });
      14 |
      15 |   test.describe('Admin API Endpoints', () => {
        at C:\cursor\ha-ingestor\tests\e2e\api-endpoints.spec.ts:12:16

    Error: browserContext.close: Target page, context or browser has been closed
]]>
</failure>
</testcase>
<testcase name="API Endpoints Tests › Admin API Endpoints › GET /api/v1/events/stats - Event statistics" classname="api-endpoints.spec.ts" time="1.37">
<failure message="api-endpoints.spec.ts:212:9 GET /api/v1/events/stats - Event statistics" type="FAILURE">
<![CDATA[  [docker-chromium] › api-endpoints.spec.ts:212:9 › API Endpoints Tests › Admin API Endpoints › GET /api/v1/events/stats - Event statistics 

    Error: page.waitForLoadState: Target page, context or browser has been closed

      10 |     // Wait for system to be fully deployed
      11 |     await page.goto('http://localhost:3000');
    > 12 |     await page.waitForLoadState('networkidle');
         |                ^
      13 |   });
      14 |
      15 |   test.describe('Admin API Endpoints', () => {
        at C:\cursor\ha-ingestor\tests\e2e\api-endpoints.spec.ts:12:16

    Error: browserContext.close: Target page, context or browser has been closed
]]>
</failure>
</testcase>
<testcase name="API Endpoints Tests › Admin API Endpoints › GET /api/v1/events/stats with period parameter" classname="api-endpoints.spec.ts" time="1.125">
<failure message="api-endpoints.spec.ts:220:9 GET /api/v1/events/stats with period parameter" type="FAILURE">
<![CDATA[  [docker-chromium] › api-endpoints.spec.ts:220:9 › API Endpoints Tests › Admin API Endpoints › GET /api/v1/events/stats with period parameter 

    Error: page.waitForLoadState: Target page, context or browser has been closed

      10 |     // Wait for system to be fully deployed
      11 |     await page.goto('http://localhost:3000');
    > 12 |     await page.waitForLoadState('networkidle');
         |                ^
      13 |   });
      14 |
      15 |   test.describe('Admin API Endpoints', () => {
        at C:\cursor\ha-ingestor\tests\e2e\api-endpoints.spec.ts:12:16

    Error: browserContext.close: Target page, context or browser has been closed
]]>
</failure>
</testcase>
<testcase name="API Endpoints Tests › Admin API Endpoints › GET /api/v1/events/entities - Active entities" classname="api-endpoints.spec.ts" time="0.701">
<failure message="api-endpoints.spec.ts:228:9 GET /api/v1/events/entities - Active entities" type="FAILURE">
<![CDATA[  [docker-chromium] › api-endpoints.spec.ts:228:9 › API Endpoints Tests › Admin API Endpoints › GET /api/v1/events/entities - Active entities 

    Error: page.waitForLoadState: Target page, context or browser has been closed

      10 |     // Wait for system to be fully deployed
      11 |     await page.goto('http://localhost:3000');
    > 12 |     await page.waitForLoadState('networkidle');
         |                ^
      13 |   });
      14 |
      15 |   test.describe('Admin API Endpoints', () => {
        at C:\cursor\ha-ingestor\tests\e2e\api-endpoints.spec.ts:12:16

    Error: browserContext.close: Target page, context or browser has been closed
]]>
</failure>
</testcase>
<testcase name="API Endpoints Tests › Admin API Endpoints › GET /api/v1/events/entities with limit" classname="api-endpoints.spec.ts" time="1.083">
<failure message="api-endpoints.spec.ts:236:9 GET /api/v1/events/entities with limit" type="FAILURE">
<![CDATA[  [docker-chromium] › api-endpoints.spec.ts:236:9 › API Endpoints Tests › Admin API Endpoints › GET /api/v1/events/entities with limit 

    Error: page.waitForLoadState: Target page, context or browser has been closed

      10 |     // Wait for system to be fully deployed
      11 |     await page.goto('http://localhost:3000');
    > 12 |     await page.waitForLoadState('networkidle');
         |                ^
      13 |   });
      14 |
      15 |   test.describe('Admin API Endpoints', () => {
        at C:\cursor\ha-ingestor\tests\e2e\api-endpoints.spec.ts:12:16

    Error: browserContext.close: Target page, context or browser has been closed
]]>
</failure>
</testcase>
<testcase name="API Endpoints Tests › Admin API Endpoints › GET /api/v1/events/types - Event types" classname="api-endpoints.spec.ts" time="0.868">
<failure message="api-endpoints.spec.ts:245:9 GET /api/v1/events/types - Event types" type="FAILURE">
<![CDATA[  [docker-chromium] › api-endpoints.spec.ts:245:9 › API Endpoints Tests › Admin API Endpoints › GET /api/v1/events/types - Event types 

    Error: page.waitForLoadState: Target page, context or browser has been closed

      10 |     // Wait for system to be fully deployed
      11 |     await page.goto('http://localhost:3000');
    > 12 |     await page.waitForLoadState('networkidle');
         |                ^
      13 |   });
      14 |
      15 |   test.describe('Admin API Endpoints', () => {
        at C:\cursor\ha-ingestor\tests\e2e\api-endpoints.spec.ts:12:16

    Error: browserContext.close: Target page, context or browser has been closed
]]>
</failure>
</testcase>
<testcase name="API Endpoints Tests › WebSocket Ingestion Service Endpoints › GET /health - WebSocket service health" classname="api-endpoints.spec.ts" time="0.778">
<failure message="api-endpoints.spec.ts:256:9 GET /health - WebSocket service health" type="FAILURE">
<![CDATA[  [docker-chromium] › api-endpoints.spec.ts:256:9 › API Endpoints Tests › WebSocket Ingestion Service Endpoints › GET /health - WebSocket service health 

    Error: page.waitForLoadState: Target page, context or browser has been closed

      10 |     // Wait for system to be fully deployed
      11 |     await page.goto('http://localhost:3000');
    > 12 |     await page.waitForLoadState('networkidle');
         |                ^
      13 |   });
      14 |
      15 |   test.describe('Admin API Endpoints', () => {
        at C:\cursor\ha-ingestor\tests\e2e\api-endpoints.spec.ts:12:16

    Error: browserContext.close: Target page, context or browser has been closed
]]>
</failure>
</testcase>
<testcase name="API Endpoints Tests › WebSocket Ingestion Service Endpoints › WebSocket connection endpoint" classname="api-endpoints.spec.ts" time="1.087">
<failure message="api-endpoints.spec.ts:266:9 WebSocket connection endpoint" type="FAILURE">
<![CDATA[  [docker-chromium] › api-endpoints.spec.ts:266:9 › API Endpoints Tests › WebSocket Ingestion Service Endpoints › WebSocket connection endpoint 

    Error: page.waitForLoadState: Target page, context or browser has been closed

      10 |     // Wait for system to be fully deployed
      11 |     await page.goto('http://localhost:3000');
    > 12 |     await page.waitForLoadState('networkidle');
         |                ^
      13 |   });
      14 |
      15 |   test.describe('Admin API Endpoints', () => {
        at C:\cursor\ha-ingestor\tests\e2e\api-endpoints.spec.ts:12:16

    Error: browserContext.close: Target page, context or browser has been closed
]]>
</failure>
</testcase>
<testcase name="API Endpoints Tests › Enrichment Pipeline Service Endpoints › GET /health - Enrichment service health" classname="api-endpoints.spec.ts" time="0.878">
<failure message="api-endpoints.spec.ts:301:9 GET /health - Enrichment service health" type="FAILURE">
<![CDATA[  [docker-chromium] › api-endpoints.spec.ts:301:9 › API Endpoints Tests › Enrichment Pipeline Service Endpoints › GET /health - Enrichment service health 

    Error: page.waitForLoadState: Target page, context or browser has been closed

      10 |     // Wait for system to be fully deployed
      11 |     await page.goto('http://localhost:3000');
    > 12 |     await page.waitForLoadState('networkidle');
         |                ^
      13 |   });
      14 |
      15 |   test.describe('Admin API Endpoints', () => {
        at C:\cursor\ha-ingestor\tests\e2e\api-endpoints.spec.ts:12:16

    Error: browserContext.close: Target page, context or browser has been closed
]]>
</failure>
</testcase>
<testcase name="API Endpoints Tests › Data Retention Service Endpoints › GET /health - Data retention service health" classname="api-endpoints.spec.ts" time="1.791">
<failure message="api-endpoints.spec.ts:325:9 GET /health - Data retention service health" type="FAILURE">
<![CDATA[  [docker-chromium] › api-endpoints.spec.ts:325:9 › API Endpoints Tests › Data Retention Service Endpoints › GET /health - Data retention service health 

    Error: page.waitForLoadState: Target page, context or browser has been closed

      10 |     // Wait for system to be fully deployed
      11 |     await page.goto('http://localhost:3000');
    > 12 |     await page.waitForLoadState('networkidle');
         |                ^
      13 |   });
      14 |
      15 |   test.describe('Admin API Endpoints', () => {
        at C:\cursor\ha-ingestor\tests\e2e\api-endpoints.spec.ts:12:16

    Error: browserContext.close: Target page, context or browser has been closed
]]>
</failure>
</testcase>
<testcase name="API Endpoints Tests › Data Retention Service Endpoints › GET /stats - Data retention statistics" classname="api-endpoints.spec.ts" time="0.992">
<failure message="api-endpoints.spec.ts:335:9 GET /stats - Data retention statistics" type="FAILURE">
<![CDATA[  [docker-chromium] › api-endpoints.spec.ts:335:9 › API Endpoints Tests › Data Retention Service Endpoints › GET /stats - Data retention statistics 

    Error: page.waitForLoadState: Target page, context or browser has been closed

      10 |     // Wait for system to be fully deployed
      11 |     await page.goto('http://localhost:3000');
    > 12 |     await page.waitForLoadState('networkidle');
         |                ^
      13 |   });
      14 |
      15 |   test.describe('Admin API Endpoints', () => {
        at C:\cursor\ha-ingestor\tests\e2e\api-endpoints.spec.ts:12:16

    Error: browserContext.close: Target page, context or browser has been closed
]]>
</failure>
</testcase>
<testcase name="API Endpoints Tests › InfluxDB Endpoints › GET /health - InfluxDB health" classname="api-endpoints.spec.ts" time="1.231">
<failure message="api-endpoints.spec.ts:355:9 GET /health - InfluxDB health" type="FAILURE">
<![CDATA[  [docker-chromium] › api-endpoints.spec.ts:355:9 › API Endpoints Tests › InfluxDB Endpoints › GET /health - InfluxDB health 

    Error: page.waitForLoadState: Target page, context or browser has been closed

      10 |     // Wait for system to be fully deployed
      11 |     await page.goto('http://localhost:3000');
    > 12 |     await page.waitForLoadState('networkidle');
         |                ^
      13 |   });
      14 |
      15 |   test.describe('Admin API Endpoints', () => {
        at C:\cursor\ha-ingestor\tests\e2e\api-endpoints.spec.ts:12:16

    Error: browserContext.close: Target page, context or browser has been closed
]]>
</failure>
</testcase>
<testcase name="API Endpoints Tests › InfluxDB Endpoints › GET /ping - InfluxDB ping" classname="api-endpoints.spec.ts" time="1.145">
<failure message="api-endpoints.spec.ts:365:9 GET /ping - InfluxDB ping" type="FAILURE">
<![CDATA[  [docker-chromium] › api-endpoints.spec.ts:365:9 › API Endpoints Tests › InfluxDB Endpoints › GET /ping - InfluxDB ping 

    Error: page.waitForLoadState: Target page, context or browser has been closed

      10 |     // Wait for system to be fully deployed
      11 |     await page.goto('http://localhost:3000');
    > 12 |     await page.waitForLoadState('networkidle');
         |                ^
      13 |   });
      14 |
      15 |   test.describe('Admin API Endpoints', () => {
        at C:\cursor\ha-ingestor\tests\e2e\api-endpoints.spec.ts:12:16

    Error: browserContext.close: Target page, context or browser has been closed
]]>
</failure>
</testcase>
<testcase name="API Endpoints Tests › InfluxDB Endpoints › GET /ready - InfluxDB ready check" classname="api-endpoints.spec.ts" time="1.443">
<failure message="api-endpoints.spec.ts:370:9 GET /ready - InfluxDB ready check" type="FAILURE">
<![CDATA[  [docker-chromium] › api-endpoints.spec.ts:370:9 › API Endpoints Tests › InfluxDB Endpoints › GET /ready - InfluxDB ready check 

    Error: page.waitForLoadState: Target page, context or browser has been closed

      10 |     // Wait for system to be fully deployed
      11 |     await page.goto('http://localhost:3000');
    > 12 |     await page.waitForLoadState('networkidle');
         |                ^
      13 |   });
      14 |
      15 |   test.describe('Admin API Endpoints', () => {
        at C:\cursor\ha-ingestor\tests\e2e\api-endpoints.spec.ts:12:16

    Error: browserContext.close: Target page, context or browser has been closed
]]>
</failure>
</testcase>
<testcase name="API Endpoints Tests › Weather API Service Endpoints › GET /health - Weather API health" classname="api-endpoints.spec.ts" time="1.456">
<failure message="api-endpoints.spec.ts:378:9 GET /health - Weather API health" type="FAILURE">
<![CDATA[  [docker-chromium] › api-endpoints.spec.ts:378:9 › API Endpoints Tests › Weather API Service Endpoints › GET /health - Weather API health 

    Error: page.waitForLoadState: Target page, context or browser has been closed

      10 |     // Wait for system to be fully deployed
      11 |     await page.goto('http://localhost:3000');
    > 12 |     await page.waitForLoadState('networkidle');
         |                ^
      13 |   });
      14 |
      15 |   test.describe('Admin API Endpoints', () => {
        at C:\cursor\ha-ingestor\tests\e2e\api-endpoints.spec.ts:12:16

    Error: browserContext.close: Target page, context or browser has been closed
]]>
</failure>
</testcase>
<testcase name="API Endpoints Tests › API Error Handling › 404 error handling" classname="api-endpoints.spec.ts" time="1.803">
<failure message="api-endpoints.spec.ts:391:9 404 error handling" type="FAILURE">
<![CDATA[  [docker-chromium] › api-endpoints.spec.ts:391:9 › API Endpoints Tests › API Error Handling › 404 error handling 

    Error: page.waitForLoadState: Target page, context or browser has been closed

      10 |     // Wait for system to be fully deployed
      11 |     await page.goto('http://localhost:3000');
    > 12 |     await page.waitForLoadState('networkidle');
         |                ^
      13 |   });
      14 |
      15 |   test.describe('Admin API Endpoints', () => {
        at C:\cursor\ha-ingestor\tests\e2e\api-endpoints.spec.ts:12:16

    Error: browserContext.close: Target page, context or browser has been closed
]]>
</failure>
</testcase>
<testcase name="API Endpoints Tests › API Error Handling › Invalid parameter handling" classname="api-endpoints.spec.ts" time="1.242">
<failure message="api-endpoints.spec.ts:396:9 Invalid parameter handling" type="FAILURE">
<![CDATA[  [docker-chromium] › api-endpoints.spec.ts:396:9 › API Endpoints Tests › API Error Handling › Invalid parameter handling 

    Error: page.waitForLoadState: Target page, context or browser has been closed

      10 |     // Wait for system to be fully deployed
      11 |     await page.goto('http://localhost:3000');
    > 12 |     await page.waitForLoadState('networkidle');
         |                ^
      13 |   });
      14 |
      15 |   test.describe('Admin API Endpoints', () => {
        at C:\cursor\ha-ingestor\tests\e2e\api-endpoints.spec.ts:12:16

    Error: browserContext.close: Target page, context or browser has been closed
]]>
</failure>
</testcase>
<testcase name="API Endpoints Tests › API Error Handling › Large limit parameter handling" classname="api-endpoints.spec.ts" time="1.165">
<failure message="api-endpoints.spec.ts:401:9 Large limit parameter handling" type="FAILURE">
<![CDATA[  [docker-chromium] › api-endpoints.spec.ts:401:9 › API Endpoints Tests › API Error Handling › Large limit parameter handling 

    Error: page.waitForLoadState: Target page, context or browser has been closed

      10 |     // Wait for system to be fully deployed
      11 |     await page.goto('http://localhost:3000');
    > 12 |     await page.waitForLoadState('networkidle');
         |                ^
      13 |   });
      14 |
      15 |   test.describe('Admin API Endpoints', () => {
        at C:\cursor\ha-ingestor\tests\e2e\api-endpoints.spec.ts:12:16

    Error: browserContext.close: Target page, context or browser has been closed
]]>
</failure>
</testcase>
<testcase name="API Endpoints Tests › API Error Handling › JSON parsing error detection for all endpoints" classname="api-endpoints.spec.ts" time="1.288">
<failure message="api-endpoints.spec.ts:409:9 JSON parsing error detection for all endpoints" type="FAILURE">
<![CDATA[  [docker-chromium] › api-endpoints.spec.ts:409:9 › API Endpoints Tests › API Error Handling › JSON parsing error detection for all endpoints 

    Error: page.waitForLoadState: Target page, context or browser has been closed

      10 |     // Wait for system to be fully deployed
      11 |     await page.goto('http://localhost:3000');
    > 12 |     await page.waitForLoadState('networkidle');
         |                ^
      13 |   });
      14 |
      15 |   test.describe('Admin API Endpoints', () => {
        at C:\cursor\ha-ingestor\tests\e2e\api-endpoints.spec.ts:12:16

    Error: browserContext.close: Target page, context or browser has been closed
]]>
</failure>
</testcase>
<testcase name="API Endpoints Tests › API Response Time Performance › Health endpoint response time" classname="api-endpoints.spec.ts" time="4.88">
<failure message="api-endpoints.spec.ts:448:9 Health endpoint response time" type="FAILURE">
<![CDATA[  [docker-chromium] › api-endpoints.spec.ts:448:9 › API Endpoints Tests › API Response Time Performance › Health endpoint response time 

    Error: page.waitForLoadState: Target page, context or browser has been closed

      10 |     // Wait for system to be fully deployed
      11 |     await page.goto('http://localhost:3000');
    > 12 |     await page.waitForLoadState('networkidle');
         |                ^
      13 |   });
      14 |
      15 |   test.describe('Admin API Endpoints', () => {
        at C:\cursor\ha-ingestor\tests\e2e\api-endpoints.spec.ts:12:16

    Error: browserContext.close: Target page, context or browser has been closed
]]>
</failure>
</testcase>
<testcase name="API Endpoints Tests › API Response Time Performance › Stats endpoint response time" classname="api-endpoints.spec.ts" time="0.734">
<failure message="api-endpoints.spec.ts:457:9 Stats endpoint response time" type="FAILURE">
<![CDATA[  [docker-chromium] › api-endpoints.spec.ts:457:9 › API Endpoints Tests › API Response Time Performance › Stats endpoint response time 

    Error: page.waitForLoadState: Target page, context or browser has been closed

      10 |     // Wait for system to be fully deployed
      11 |     await page.goto('http://localhost:3000');
    > 12 |     await page.waitForLoadState('networkidle');
         |                ^
      13 |   });
      14 |
      15 |   test.describe('Admin API Endpoints', () => {
        at C:\cursor\ha-ingestor\tests\e2e\api-endpoints.spec.ts:12:16

    Error: browserContext.close: Target page, context or browser has been closed
]]>
</failure>
</testcase>
<testcase name="API Endpoints Tests › API Response Time Performance › Events endpoint response time" classname="api-endpoints.spec.ts" time="1.293">
<failure message="api-endpoints.spec.ts:466:9 Events endpoint response time" type="FAILURE">
<![CDATA[  [docker-chromium] › api-endpoints.spec.ts:466:9 › API Endpoints Tests › API Response Time Performance › Events endpoint response time 

    Error: page.waitForLoadState: Target page, context or browser has been closed

      10 |     // Wait for system to be fully deployed
      11 |     await page.goto('http://localhost:3000');
    > 12 |     await page.waitForLoadState('networkidle');
         |                ^
      13 |   });
      14 |
      15 |   test.describe('Admin API Endpoints', () => {
        at C:\cursor\ha-ingestor\tests\e2e\api-endpoints.spec.ts:12:16

    Error: browserContext.close: Target page, context or browser has been closed
]]>
</failure>
</testcase>
<testcase name="API Endpoints Tests › API Data Validation › Health data structure validation" classname="api-endpoints.spec.ts" time="3.928">
<failure message="api-endpoints.spec.ts:478:9 Health data structure validation" type="FAILURE">
<![CDATA[  [docker-chromium] › api-endpoints.spec.ts:478:9 › API Endpoints Tests › API Data Validation › Health data structure validation 

    Error: page.waitForLoadState: Target page, context or browser has been closed

      10 |     // Wait for system to be fully deployed
      11 |     await page.goto('http://localhost:3000');
    > 12 |     await page.waitForLoadState('networkidle');
         |                ^
      13 |   });
      14 |
      15 |   test.describe('Admin API Endpoints', () => {
        at C:\cursor\ha-ingestor\tests\e2e\api-endpoints.spec.ts:12:16

    Error: browserContext.close: Target page, context or browser has been closed
]]>
</failure>
</testcase>
<testcase name="API Endpoints Tests › API Data Validation › Events data structure validation" classname="api-endpoints.spec.ts" time="0.823">
<failure message="api-endpoints.spec.ts:504:9 Events data structure validation" type="FAILURE">
<![CDATA[  [docker-chromium] › api-endpoints.spec.ts:504:9 › API Endpoints Tests › API Data Validation › Events data structure validation 

    Error: page.waitForLoadState: Target page, context or browser has been closed

      10 |     // Wait for system to be fully deployed
      11 |     await page.goto('http://localhost:3000');
    > 12 |     await page.waitForLoadState('networkidle');
         |                ^
      13 |   });
      14 |
      15 |   test.describe('Admin API Endpoints', () => {
        at C:\cursor\ha-ingestor\tests\e2e\api-endpoints.spec.ts:12:16

    Error: browserContext.close: Target page, context or browser has been closed
]]>
</failure>
</testcase>
<testcase name="API Endpoints Tests › API Data Validation › Statistics data validation" classname="api-endpoints.spec.ts" time="22.227">
<failure message="api-endpoints.spec.ts:537:9 Statistics data validation" type="FAILURE">
<![CDATA[  [docker-chromium] › api-endpoints.spec.ts:537:9 › API Endpoints Tests › API Data Validation › Statistics data validation 

    Error: page.waitForLoadState: Target page, context or browser has been closed

      10 |     // Wait for system to be fully deployed
      11 |     await page.goto('http://localhost:3000');
    > 12 |     await page.waitForLoadState('networkidle');
         |                ^
      13 |   });
      14 |
      15 |   test.describe('Admin API Endpoints', () => {
        at C:\cursor\ha-ingestor\tests\e2e\api-endpoints.spec.ts:12:16

    Error: browserContext.close: Target page, context or browser has been closed
]]>
</failure>
</testcase>
<testcase name="API Endpoints Tests › Concurrent API Requests › Multiple concurrent health requests" classname="api-endpoints.spec.ts" time="2.278">
<failure message="api-endpoints.spec.ts:567:9 Multiple concurrent health requests" type="FAILURE">
<![CDATA[  [docker-chromium] › api-endpoints.spec.ts:567:9 › API Endpoints Tests › Concurrent API Requests › Multiple concurrent health requests 

    Error: page.waitForLoadState: Target page, context or browser has been closed

      10 |     // Wait for system to be fully deployed
      11 |     await page.goto('http://localhost:3000');
    > 12 |     await page.waitForLoadState('networkidle');
         |                ^
      13 |   });
      14 |
      15 |   test.describe('Admin API Endpoints', () => {
        at C:\cursor\ha-ingestor\tests\e2e\api-endpoints.spec.ts:12:16

    Error: browserContext.close: Target page, context or browser has been closed
]]>
</failure>
</testcase>
<testcase name="API Endpoints Tests › Concurrent API Requests › Multiple concurrent stats requests" classname="api-endpoints.spec.ts" time="0.998">
<failure message="api-endpoints.spec.ts:579:9 Multiple concurrent stats requests" type="FAILURE">
<![CDATA[  [docker-chromium] › api-endpoints.spec.ts:579:9 › API Endpoints Tests › Concurrent API Requests › Multiple concurrent stats requests 

    Error: page.waitForLoadState: Target page, context or browser has been closed

      10 |     // Wait for system to be fully deployed
      11 |     await page.goto('http://localhost:3000');
    > 12 |     await page.waitForLoadState('networkidle');
         |                ^
      13 |   });
      14 |
      15 |   test.describe('Admin API Endpoints', () => {
        at C:\cursor\ha-ingestor\tests\e2e\api-endpoints.spec.ts:12:16

    Error: browserContext.close: Target page, context or browser has been closed
]]>
</failure>
</testcase>
</testsuite>
<testsuite name="cross-service-integration.spec.ts" timestamp="2025-10-20T16:58:14.439Z" hostname="docker-chromium" tests="14" failures="14" skipped="0" time="12.679" errors="0">
<testcase name="Cross-Service Integration Tests › Complete Data Flow Integration › End-to-end data flow from ingestion to dashboard display" classname="cross-service-integration.spec.ts" time="0.867">
<failure message="cross-service-integration.spec.ts:27:9 End-to-end data flow from ingestion to dashboard display" type="FAILURE">
<![CDATA[  [docker-chromium] › cross-service-integration.spec.ts:27:9 › Cross-Service Integration Tests › Complete Data Flow Integration › End-to-end data flow from ingestion to dashboard display 

    Error: apiRequestContext.get: connect ECONNREFUSED ::1:8002
    Call log:
      - → GET http://localhost:8002/health
        - user-agent: Playwright-E2E-Tests
        - accept: application/json, text/plain, */*
        - accept-encoding: gzip,deflate,br

        at apiRequestContext.get: connect ECONNREFUSED ::1:8002
        at C:\cursor\ha-ingestor\tests\e2e\cross-service-integration.spec.ts:20:43

    attachment #1: screenshot (image/png) ──────────────────────────────────────────────────────────
    test-results\cross-service-integration--19edb-estion-to-dashboard-display-docker-chromium\test-failed-1.png
    ────────────────────────────────────────────────────────────────────────────────────────────────

    attachment #2: video (video/webm) ──────────────────────────────────────────────────────────────
    test-results\cross-service-integration--19edb-estion-to-dashboard-display-docker-chromium\video.webm
    ────────────────────────────────────────────────────────────────────────────────────────────────
]]>
</failure>
<system-out>
<![CDATA[
[[ATTACHMENT|..\tests\e2e\test-results\cross-service-integration--19edb-estion-to-dashboard-display-docker-chromium\test-failed-1.png]]

[[ATTACHMENT|..\tests\e2e\test-results\cross-service-integration--19edb-estion-to-dashboard-display-docker-chromium\video.webm]]
]]>
</system-out>
</testcase>
<testcase name="Cross-Service Integration Tests › Complete Data Flow Integration › Service dependency chain validation" classname="cross-service-integration.spec.ts" time="1.054">
<failure message="cross-service-integration.spec.ts:65:9 Service dependency chain validation" type="FAILURE">
<![CDATA[  [docker-chromium] › cross-service-integration.spec.ts:65:9 › Cross-Service Integration Tests › Complete Data Flow Integration › Service dependency chain validation 

    Error: apiRequestContext.get: connect ECONNREFUSED ::1:8002
    Call log:
      - → GET http://localhost:8002/health
        - user-agent: Playwright-E2E-Tests
        - accept: application/json, text/plain, */*
        - accept-encoding: gzip,deflate,br

        at apiRequestContext.get: connect ECONNREFUSED ::1:8002
        at C:\cursor\ha-ingestor\tests\e2e\cross-service-integration.spec.ts:20:43

    attachment #1: screenshot (image/png) ──────────────────────────────────────────────────────────
    test-results\cross-service-integration--c9a24-dependency-chain-validation-docker-chromium\test-failed-1.png
    ────────────────────────────────────────────────────────────────────────────────────────────────

    attachment #2: video (video/webm) ──────────────────────────────────────────────────────────────
    test-results\cross-service-integration--c9a24-dependency-chain-validation-docker-chromium\video.webm
    ────────────────────────────────────────────────────────────────────────────────────────────────
]]>
</failure>
<system-out>
<![CDATA[
[[ATTACHMENT|..\tests\e2e\test-results\cross-service-integration--c9a24-dependency-chain-validation-docker-chromium\test-failed-1.png]]

[[ATTACHMENT|..\tests\e2e\test-results\cross-service-integration--c9a24-dependency-chain-validation-docker-chromium\video.webm]]
]]>
</system-out>
</testcase>
<testcase name="Cross-Service Integration Tests › Complete Data Flow Integration › Real-time data synchronization across services" classname="cross-service-integration.spec.ts" time="0.889">
<failure message="cross-service-integration.spec.ts:98:9 Real-time data synchronization across services" type="FAILURE">
<![CDATA[  [docker-chromium] › cross-service-integration.spec.ts:98:9 › Cross-Service Integration Tests › Complete Data Flow Integration › Real-time data synchronization across services 

    Error: apiRequestContext.get: connect ECONNREFUSED ::1:8002
    Call log:
      - → GET http://localhost:8002/health
        - user-agent: Playwright-E2E-Tests
        - accept: application/json, text/plain, */*
        - accept-encoding: gzip,deflate,br

        at apiRequestContext.get: connect ECONNREFUSED ::1:8002
        at C:\cursor\ha-ingestor\tests\e2e\cross-service-integration.spec.ts:20:43

    attachment #1: screenshot (image/png) ──────────────────────────────────────────────────────────
    test-results\cross-service-integration--89155-hronization-across-services-docker-chromium\test-failed-1.png
    ────────────────────────────────────────────────────────────────────────────────────────────────

    attachment #2: video (video/webm) ──────────────────────────────────────────────────────────────
    test-results\cross-service-integration--89155-hronization-across-services-docker-chromium\video.webm
    ────────────────────────────────────────────────────────────────────────────────────────────────
]]>
</failure>
<system-out>
<![CDATA[
[[ATTACHMENT|..\tests\e2e\test-results\cross-service-integration--89155-hronization-across-services-docker-chromium\test-failed-1.png]]

[[ATTACHMENT|..\tests\e2e\test-results\cross-service-integration--89155-hronization-across-services-docker-chromium\video.webm]]
]]>
</system-out>
</testcase>
<testcase name="Cross-Service Integration Tests › Service Communication Patterns › WebSocket to Admin API communication" classname="cross-service-integration.spec.ts" time="0.861">
<failure message="cross-service-integration.spec.ts:127:9 WebSocket to Admin API communication" type="FAILURE">
<![CDATA[  [docker-chromium] › cross-service-integration.spec.ts:127:9 › Cross-Service Integration Tests › Service Communication Patterns › WebSocket to Admin API communication 

    Error: apiRequestContext.get: connect ECONNREFUSED ::1:8002
    Call log:
      - → GET http://localhost:8002/health
        - user-agent: Playwright-E2E-Tests
        - accept: application/json, text/plain, */*
        - accept-encoding: gzip,deflate,br

        at apiRequestContext.get: connect ECONNREFUSED ::1:8002
        at C:\cursor\ha-ingestor\tests\e2e\cross-service-integration.spec.ts:20:43

    attachment #1: screenshot (image/png) ──────────────────────────────────────────────────────────
    test-results\cross-service-integration--ecdb2--to-Admin-API-communication-docker-chromium\test-failed-1.png
    ────────────────────────────────────────────────────────────────────────────────────────────────

    attachment #2: video (video/webm) ──────────────────────────────────────────────────────────────
    test-results\cross-service-integration--ecdb2--to-Admin-API-communication-docker-chromium\video.webm
    ────────────────────────────────────────────────────────────────────────────────────────────────
]]>
</failure>
<system-out>
<![CDATA[
[[ATTACHMENT|..\tests\e2e\test-results\cross-service-integration--ecdb2--to-Admin-API-communication-docker-chromium\test-failed-1.png]]

[[ATTACHMENT|..\tests\e2e\test-results\cross-service-integration--ecdb2--to-Admin-API-communication-docker-chromium\video.webm]]
]]>
</system-out>
</testcase>
<testcase name="Cross-Service Integration Tests › Service Communication Patterns › Enrichment Pipeline to Admin API communication" classname="cross-service-integration.spec.ts" time="0.982">
<failure message="cross-service-integration.spec.ts:148:9 Enrichment Pipeline to Admin API communication" type="FAILURE">
<![CDATA[  [docker-chromium] › cross-service-integration.spec.ts:148:9 › Cross-Service Integration Tests › Service Communication Patterns › Enrichment Pipeline to Admin API communication 

    Error: apiRequestContext.get: connect ECONNREFUSED ::1:8002
    Call log:
      - → GET http://localhost:8002/health
        - user-agent: Playwright-E2E-Tests
        - accept: application/json, text/plain, */*
        - accept-encoding: gzip,deflate,br

        at apiRequestContext.get: connect ECONNREFUSED ::1:8002
        at C:\cursor\ha-ingestor\tests\e2e\cross-service-integration.spec.ts:20:43

    attachment #1: screenshot (image/png) ──────────────────────────────────────────────────────────
    test-results\cross-service-integration--b3f82--to-Admin-API-communication-docker-chromium\test-failed-1.png
    ────────────────────────────────────────────────────────────────────────────────────────────────

    attachment #2: video (video/webm) ──────────────────────────────────────────────────────────────
    test-results\cross-service-integration--b3f82--to-Admin-API-communication-docker-chromium\video.webm
    ────────────────────────────────────────────────────────────────────────────────────────────────
]]>
</failure>
<system-out>
<![CDATA[
[[ATTACHMENT|..\tests\e2e\test-results\cross-service-integration--b3f82--to-Admin-API-communication-docker-chromium\test-failed-1.png]]

[[ATTACHMENT|..\tests\e2e\test-results\cross-service-integration--b3f82--to-Admin-API-communication-docker-chromium\video.webm]]
]]>
</system-out>
</testcase>
<testcase name="Cross-Service Integration Tests › Service Communication Patterns › InfluxDB to all services communication" classname="cross-service-integration.spec.ts" time="0.934">
<failure message="cross-service-integration.spec.ts:169:9 InfluxDB to all services communication" type="FAILURE">
<![CDATA[  [docker-chromium] › cross-service-integration.spec.ts:169:9 › Cross-Service Integration Tests › Service Communication Patterns › InfluxDB to all services communication 

    Error: apiRequestContext.get: connect ECONNREFUSED ::1:8002
    Call log:
      - → GET http://localhost:8002/health
        - user-agent: Playwright-E2E-Tests
        - accept: application/json, text/plain, */*
        - accept-encoding: gzip,deflate,br

        at apiRequestContext.get: connect ECONNREFUSED ::1:8002
        at C:\cursor\ha-ingestor\tests\e2e\cross-service-integration.spec.ts:20:43

    attachment #1: screenshot (image/png) ──────────────────────────────────────────────────────────
    test-results\cross-service-integration--420fa--all-services-communication-docker-chromium\test-failed-1.png
    ────────────────────────────────────────────────────────────────────────────────────────────────

    attachment #2: video (video/webm) ──────────────────────────────────────────────────────────────
    test-results\cross-service-integration--420fa--all-services-communication-docker-chromium\video.webm
    ────────────────────────────────────────────────────────────────────────────────────────────────
]]>
</failure>
<system-out>
<![CDATA[
[[ATTACHMENT|..\tests\e2e\test-results\cross-service-integration--420fa--all-services-communication-docker-chromium\test-failed-1.png]]

[[ATTACHMENT|..\tests\e2e\test-results\cross-service-integration--420fa--all-services-communication-docker-chromium\video.webm]]
]]>
</system-out>
</testcase>
<testcase name="Cross-Service Integration Tests › Data Consistency Across Services › Event data consistency between services" classname="cross-service-integration.spec.ts" time="0.877">
<failure message="cross-service-integration.spec.ts:197:9 Event data consistency between services" type="FAILURE">
<![CDATA[  [docker-chromium] › cross-service-integration.spec.ts:197:9 › Cross-Service Integration Tests › Data Consistency Across Services › Event data consistency between services 

    Error: apiRequestContext.get: connect ECONNREFUSED ::1:8002
    Call log:
      - → GET http://localhost:8002/health
        - user-agent: Playwright-E2E-Tests
        - accept: application/json, text/plain, */*
        - accept-encoding: gzip,deflate,br

        at apiRequestContext.get: connect ECONNREFUSED ::1:8002
        at C:\cursor\ha-ingestor\tests\e2e\cross-service-integration.spec.ts:20:43

    attachment #1: screenshot (image/png) ──────────────────────────────────────────────────────────
    test-results\cross-service-integration--646e5-onsistency-between-services-docker-chromium\test-failed-1.png
    ────────────────────────────────────────────────────────────────────────────────────────────────

    attachment #2: video (video/webm) ──────────────────────────────────────────────────────────────
    test-results\cross-service-integration--646e5-onsistency-between-services-docker-chromium\video.webm
    ────────────────────────────────────────────────────────────────────────────────────────────────
]]>
</failure>
<system-out>
<![CDATA[
[[ATTACHMENT|..\tests\e2e\test-results\cross-service-integration--646e5-onsistency-between-services-docker-chromium\test-failed-1.png]]

[[ATTACHMENT|..\tests\e2e\test-results\cross-service-integration--646e5-onsistency-between-services-docker-chromium\video.webm]]
]]>
</system-out>
</testcase>
<testcase name="Cross-Service Integration Tests › Data Consistency Across Services › Statistics consistency across service endpoints" classname="cross-service-integration.spec.ts" time="0.774">
<failure message="cross-service-integration.spec.ts:222:9 Statistics consistency across service endpoints" type="FAILURE">
<![CDATA[  [docker-chromium] › cross-service-integration.spec.ts:222:9 › Cross-Service Integration Tests › Data Consistency Across Services › Statistics consistency across service endpoints 

    Error: apiRequestContext.get: connect ECONNREFUSED ::1:8002
    Call log:
      - → GET http://localhost:8002/health
        - user-agent: Playwright-E2E-Tests
        - accept: application/json, text/plain, */*
        - accept-encoding: gzip,deflate,br

        at apiRequestContext.get: connect ECONNREFUSED ::1:8002
        at C:\cursor\ha-ingestor\tests\e2e\cross-service-integration.spec.ts:20:43

    attachment #1: screenshot (image/png) ──────────────────────────────────────────────────────────
    test-results\cross-service-integration--f7217-cy-across-service-endpoints-docker-chromium\test-failed-1.png
    ────────────────────────────────────────────────────────────────────────────────────────────────

    attachment #2: video (video/webm) ──────────────────────────────────────────────────────────────
    test-results\cross-service-integration--f7217-cy-across-service-endpoints-docker-chromium\video.webm
    ────────────────────────────────────────────────────────────────────────────────────────────────
]]>
</failure>
<system-out>
<![CDATA[
[[ATTACHMENT|..\tests\e2e\test-results\cross-service-integration--f7217-cy-across-service-endpoints-docker-chromium\test-failed-1.png]]

[[ATTACHMENT|..\tests\e2e\test-results\cross-service-integration--f7217-cy-across-service-endpoints-docker-chromium\video.webm]]
]]>
</system-out>
</testcase>
<testcase name="Cross-Service Integration Tests › Data Consistency Across Services › Health status consistency across all services" classname="cross-service-integration.spec.ts" time="0.796">
<failure message="cross-service-integration.spec.ts:243:9 Health status consistency across all services" type="FAILURE">
<![CDATA[  [docker-chromium] › cross-service-integration.spec.ts:243:9 › Cross-Service Integration Tests › Data Consistency Across Services › Health status consistency across all services 

    Error: apiRequestContext.get: connect ECONNREFUSED ::1:8002
    Call log:
      - → GET http://localhost:8002/health
        - user-agent: Playwright-E2E-Tests
        - accept: application/json, text/plain, */*
        - accept-encoding: gzip,deflate,br

        at apiRequestContext.get: connect ECONNREFUSED ::1:8002
        at C:\cursor\ha-ingestor\tests\e2e\cross-service-integration.spec.ts:20:43

    attachment #1: screenshot (image/png) ──────────────────────────────────────────────────────────
    test-results\cross-service-integration--589fd-istency-across-all-services-docker-chromium\test-failed-1.png
    ────────────────────────────────────────────────────────────────────────────────────────────────

    attachment #2: video (video/webm) ──────────────────────────────────────────────────────────────
    test-results\cross-service-integration--589fd-istency-across-all-services-docker-chromium\video.webm
    ────────────────────────────────────────────────────────────────────────────────────────────────
]]>
</failure>
<system-out>
<![CDATA[
[[ATTACHMENT|..\tests\e2e\test-results\cross-service-integration--589fd-istency-across-all-services-docker-chromium\test-failed-1.png]]

[[ATTACHMENT|..\tests\e2e\test-results\cross-service-integration--589fd-istency-across-all-services-docker-chromium\video.webm]]
]]>
</system-out>
</testcase>
<testcase name="Cross-Service Integration Tests › Service Failure Scenarios › InfluxDB failure propagation" classname="cross-service-integration.spec.ts" time="0.973">
<failure message="cross-service-integration.spec.ts:286:9 InfluxDB failure propagation" type="FAILURE">
<![CDATA[  [docker-chromium] › cross-service-integration.spec.ts:286:9 › Cross-Service Integration Tests › Service Failure Scenarios › InfluxDB failure propagation 

    Error: apiRequestContext.get: connect ECONNREFUSED ::1:8002
    Call log:
      - → GET http://localhost:8002/health
        - user-agent: Playwright-E2E-Tests
        - accept: application/json, text/plain, */*
        - accept-encoding: gzip,deflate,br

        at apiRequestContext.get: connect ECONNREFUSED ::1:8002
        at C:\cursor\ha-ingestor\tests\e2e\cross-service-integration.spec.ts:20:43

    attachment #1: screenshot (image/png) ──────────────────────────────────────────────────────────
    test-results\cross-service-integration--03b43-nfluxDB-failure-propagation-docker-chromium\test-failed-1.png
    ────────────────────────────────────────────────────────────────────────────────────────────────

    attachment #2: video (video/webm) ──────────────────────────────────────────────────────────────
    test-results\cross-service-integration--03b43-nfluxDB-failure-propagation-docker-chromium\video.webm
    ────────────────────────────────────────────────────────────────────────────────────────────────
]]>
</failure>
<system-out>
<![CDATA[
[[ATTACHMENT|..\tests\e2e\test-results\cross-service-integration--03b43-nfluxDB-failure-propagation-docker-chromium\test-failed-1.png]]

[[ATTACHMENT|..\tests\e2e\test-results\cross-service-integration--03b43-nfluxDB-failure-propagation-docker-chromium\video.webm]]
]]>
</system-out>
</testcase>
<testcase name="Cross-Service Integration Tests › Service Failure Scenarios › WebSocket service failure handling" classname="cross-service-integration.spec.ts" time="0.938">
<failure message="cross-service-integration.spec.ts:333:9 WebSocket service failure handling" type="FAILURE">
<![CDATA[  [docker-chromium] › cross-service-integration.spec.ts:333:9 › Cross-Service Integration Tests › Service Failure Scenarios › WebSocket service failure handling 

    Error: apiRequestContext.get: connect ECONNREFUSED ::1:8002
    Call log:
      - → GET http://localhost:8002/health
        - user-agent: Playwright-E2E-Tests
        - accept: application/json, text/plain, */*
        - accept-encoding: gzip,deflate,br

        at apiRequestContext.get: connect ECONNREFUSED ::1:8002
        at C:\cursor\ha-ingestor\tests\e2e\cross-service-integration.spec.ts:20:43

    attachment #1: screenshot (image/png) ──────────────────────────────────────────────────────────
    test-results\cross-service-integration--d44a1-et-service-failure-handling-docker-chromium\test-failed-1.png
    ────────────────────────────────────────────────────────────────────────────────────────────────

    attachment #2: video (video/webm) ──────────────────────────────────────────────────────────────
    test-results\cross-service-integration--d44a1-et-service-failure-handling-docker-chromium\video.webm
    ────────────────────────────────────────────────────────────────────────────────────────────────
]]>
</failure>
<system-out>
<![CDATA[
[[ATTACHMENT|..\tests\e2e\test-results\cross-service-integration--d44a1-et-service-failure-handling-docker-chromium\test-failed-1.png]]

[[ATTACHMENT|..\tests\e2e\test-results\cross-service-integration--d44a1-et-service-failure-handling-docker-chromium\video.webm]]
]]>
</system-out>
</testcase>
<testcase name="Cross-Service Integration Tests › Service Failure Scenarios › Enrichment pipeline failure handling" classname="cross-service-integration.spec.ts" time="0.962">
<failure message="cross-service-integration.spec.ts:365:9 Enrichment pipeline failure handling" type="FAILURE">
<![CDATA[  [docker-chromium] › cross-service-integration.spec.ts:365:9 › Cross-Service Integration Tests › Service Failure Scenarios › Enrichment pipeline failure handling 

    Error: apiRequestContext.get: connect ECONNREFUSED ::1:8002
    Call log:
      - → GET http://localhost:8002/health
        - user-agent: Playwright-E2E-Tests
        - accept: application/json, text/plain, */*
        - accept-encoding: gzip,deflate,br

        at apiRequestContext.get: connect ECONNREFUSED ::1:8002
        at C:\cursor\ha-ingestor\tests\e2e\cross-service-integration.spec.ts:20:43

    attachment #1: screenshot (image/png) ──────────────────────────────────────────────────────────
    test-results\cross-service-integration--05ea3-t-pipeline-failure-handling-docker-chromium\test-failed-1.png
    ────────────────────────────────────────────────────────────────────────────────────────────────

    attachment #2: video (video/webm) ──────────────────────────────────────────────────────────────
    test-results\cross-service-integration--05ea3-t-pipeline-failure-handling-docker-chromium\video.webm
    ────────────────────────────────────────────────────────────────────────────────────────────────
]]>
</failure>
<system-out>
<![CDATA[
[[ATTACHMENT|..\tests\e2e\test-results\cross-service-integration--05ea3-t-pipeline-failure-handling-docker-chromium\test-failed-1.png]]

[[ATTACHMENT|..\tests\e2e\test-results\cross-service-integration--05ea3-t-pipeline-failure-handling-docker-chromium\video.webm]]
]]>
</system-out>
</testcase>
<testcase name="Cross-Service Integration Tests › Configuration Propagation › Configuration changes propagate across services" classname="cross-service-integration.spec.ts" time="0.896">
<failure message="cross-service-integration.spec.ts:400:9 Configuration changes propagate across services" type="FAILURE">
<![CDATA[  [docker-chromium] › cross-service-integration.spec.ts:400:9 › Cross-Service Integration Tests › Configuration Propagation › Configuration changes propagate across services 

    Error: apiRequestContext.get: connect ECONNREFUSED ::1:8002
    Call log:
      - → GET http://localhost:8002/health
        - user-agent: Playwright-E2E-Tests
        - accept: application/json, text/plain, */*
        - accept-encoding: gzip,deflate,br

        at apiRequestContext.get: connect ECONNREFUSED ::1:8002
        at C:\cursor\ha-ingestor\tests\e2e\cross-service-integration.spec.ts:20:43

    attachment #1: screenshot (image/png) ──────────────────────────────────────────────────────────
    test-results\cross-service-integration--bd09d-s-propagate-across-services-docker-chromium\test-failed-1.png
    ────────────────────────────────────────────────────────────────────────────────────────────────

    attachment #2: video (video/webm) ──────────────────────────────────────────────────────────────
    test-results\cross-service-integration--bd09d-s-propagate-across-services-docker-chromium\video.webm
    ────────────────────────────────────────────────────────────────────────────────────────────────
]]>
</failure>
<system-out>
<![CDATA[
[[ATTACHMENT|..\tests\e2e\test-results\cross-service-integration--bd09d-s-propagate-across-services-docker-chromium\test-failed-1.png]]

[[ATTACHMENT|..\tests\e2e\test-results\cross-service-integration--bd09d-s-propagate-across-services-docker-chromium\video.webm]]
]]>
</system-out>
</testcase>
<testcase name="Cross-Service Integration Tests › Configuration Propagation › Service-specific configuration validation" classname="cross-service-integration.spec.ts" time="0.876">
<failure message="cross-service-integration.spec.ts:432:9 Service-specific configuration validation" type="FAILURE">
<![CDATA[  [docker-chromium] › cross-service-integration.spec.ts:432:9 › Cross-Service Integration Tests › Configuration Propagation › Service-specific configuration validation 

    Error: apiRequestContext.get: connect ECONNREFUSED ::1:8002
    Call log:
      - → GET http://localhost:8002/health
        - user-agent: Playwright-E2E-Tests
        - accept: application/json, text/plain, */*
        - accept-encoding: gzip,deflate,br

        at apiRequestContext.get: connect ECONNREFUSED ::1:8002
        at C:\cursor\ha-ingestor\tests\e2e\cross-service-integration.spec.ts:20:43

    attachment #1: screenshot (image/png) ──────────────────────────────────────────────────────────
    test-results\cross-service-integration--add52-ic-configuration-validation-docker-chromium\test-failed-1.png
    ────────────────────────────────────────────────────────────────────────────────────────────────

    attachment #2: video (video/webm) ──────────────────────────────────────────────────────────────
    test-results\cross-service-integration--add52-ic-configuration-validation-docker-chromium\video.webm
    ────────────────────────────────────────────────────────────────────────────────────────────────
]]>
</failure>
<system-out>
<![CDATA[
[[ATTACHMENT|..\tests\e2e\test-results\cross-service-integration--add52-ic-configuration-validation-docker-chromium\test-failed-1.png]]

[[ATTACHMENT|..\tests\e2e\test-results\cross-service-integration--add52-ic-configuration-validation-docker-chromium\video.webm]]
]]>
</system-out>
</testcase>
</testsuite>
<testsuite name="dashboard-data-loading.spec.ts" timestamp="2025-10-20T16:58:14.439Z" hostname="docker-chromium" tests="12" failures="12" skipped="0" time="54.798" errors="0">
<testcase name="Dashboard Data Loading Validation › Critical Data Loading Tests › Dashboard loads without JSON parsing errors" classname="dashboard-data-loading.spec.ts" time="0.89">
<failure message="dashboard-data-loading.spec.ts:17:9 Dashboard loads without JSON parsing errors" type="FAILURE">
<![CDATA[  [docker-chromium] › dashboard-data-loading.spec.ts:17:9 › Dashboard Data Loading Validation › Critical Data Loading Tests › Dashboard loads without JSON parsing errors 

    Error: page.waitForLoadState: Target page, context or browser has been closed

      10 |     // Navigate to dashboard and wait for initial load
      11 |     await page.goto('http://localhost:3000');
    > 12 |     await page.waitForLoadState('networkidle');
         |                ^
      13 |   });
      14 |
      15 |   test.describe('Critical Data Loading Tests', () => {
        at C:\cursor\ha-ingestor\tests\e2e\dashboard-data-loading.spec.ts:12:16

    Error: browserContext.close: Target page, context or browser has been closed
]]>
</failure>
</testcase>
<testcase name="Dashboard Data Loading Validation › Critical Data Loading Tests › Health data loads and displays correctly" classname="dashboard-data-loading.spec.ts" time="1.201">
<failure message="dashboard-data-loading.spec.ts:46:9 Health data loads and displays correctly" type="FAILURE">
<![CDATA[  [docker-chromium] › dashboard-data-loading.spec.ts:46:9 › Dashboard Data Loading Validation › Critical Data Loading Tests › Health data loads and displays correctly 

    Error: page.waitForLoadState: Target page, context or browser has been closed

      10 |     // Navigate to dashboard and wait for initial load
      11 |     await page.goto('http://localhost:3000');
    > 12 |     await page.waitForLoadState('networkidle');
         |                ^
      13 |   });
      14 |
      15 |   test.describe('Critical Data Loading Tests', () => {
        at C:\cursor\ha-ingestor\tests\e2e\dashboard-data-loading.spec.ts:12:16

    Error: browserContext.close: Target page, context or browser has been closed
]]>
</failure>
</testcase>
<testcase name="Dashboard Data Loading Validation › Critical Data Loading Tests › Statistics data loads without errors" classname="dashboard-data-loading.spec.ts" time="27.39">
<failure message="dashboard-data-loading.spec.ts:68:9 Statistics data loads without errors" type="FAILURE">
<![CDATA[  [docker-chromium] › dashboard-data-loading.spec.ts:68:9 › Dashboard Data Loading Validation › Critical Data Loading Tests › Statistics data loads without errors 

    Error: page.waitForLoadState: Target page, context or browser has been closed

      10 |     // Navigate to dashboard and wait for initial load
      11 |     await page.goto('http://localhost:3000');
    > 12 |     await page.waitForLoadState('networkidle');
         |                ^
      13 |   });
      14 |
      15 |   test.describe('Critical Data Loading Tests', () => {
        at C:\cursor\ha-ingestor\tests\e2e\dashboard-data-loading.spec.ts:12:16

    Error: browserContext.close: Target page, context or browser has been closed
]]>
</failure>
</testcase>
<testcase name="Dashboard Data Loading Validation › Critical Data Loading Tests › Events data loads without errors" classname="dashboard-data-loading.spec.ts" time="2.64">
<failure message="dashboard-data-loading.spec.ts:90:9 Events data loads without errors" type="FAILURE">
<![CDATA[  [docker-chromium] › dashboard-data-loading.spec.ts:90:9 › Dashboard Data Loading Validation › Critical Data Loading Tests › Events data loads without errors 

    Error: page.waitForLoadState: Target page, context or browser has been closed

      10 |     // Navigate to dashboard and wait for initial load
      11 |     await page.goto('http://localhost:3000');
    > 12 |     await page.waitForLoadState('networkidle');
         |                ^
      13 |   });
      14 |
      15 |   test.describe('Critical Data Loading Tests', () => {
        at C:\cursor\ha-ingestor\tests\e2e\dashboard-data-loading.spec.ts:12:16

    Error: browserContext.close: Target page, context or browser has been closed
]]>
</failure>
</testcase>
<testcase name="Dashboard Data Loading Validation › Critical Data Loading Tests › Real-time updates work without JSON errors" classname="dashboard-data-loading.spec.ts" time="3.165">
<failure message="dashboard-data-loading.spec.ts:107:9 Real-time updates work without JSON errors" type="FAILURE">
<![CDATA[  [docker-chromium] › dashboard-data-loading.spec.ts:107:9 › Dashboard Data Loading Validation › Critical Data Loading Tests › Real-time updates work without JSON errors 

    Error: page.waitForLoadState: Target page, context or browser has been closed

      10 |     // Navigate to dashboard and wait for initial load
      11 |     await page.goto('http://localhost:3000');
    > 12 |     await page.waitForLoadState('networkidle');
         |                ^
      13 |   });
      14 |
      15 |   test.describe('Critical Data Loading Tests', () => {
        at C:\cursor\ha-ingestor\tests\e2e\dashboard-data-loading.spec.ts:12:16

    Error: browserContext.close: Target page, context or browser has been closed
]]>
</failure>
</testcase>
<testcase name="Dashboard Data Loading Validation › API Response Validation › All API endpoints return valid JSON" classname="dashboard-data-loading.spec.ts" time="2.275">
<failure message="dashboard-data-loading.spec.ts:139:9 All API endpoints return valid JSON" type="FAILURE">
<![CDATA[  [docker-chromium] › dashboard-data-loading.spec.ts:139:9 › Dashboard Data Loading Validation › API Response Validation › All API endpoints return valid JSON 

    Error: page.waitForLoadState: Target page, context or browser has been closed

      10 |     // Navigate to dashboard and wait for initial load
      11 |     await page.goto('http://localhost:3000');
    > 12 |     await page.waitForLoadState('networkidle');
         |                ^
      13 |   });
      14 |
      15 |   test.describe('Critical Data Loading Tests', () => {
        at C:\cursor\ha-ingestor\tests\e2e\dashboard-data-loading.spec.ts:12:16

    Error: browserContext.close: Target page, context or browser has been closed
]]>
</failure>
</testcase>
<testcase name="Dashboard Data Loading Validation › API Response Validation › API responses have expected structure" classname="dashboard-data-loading.spec.ts" time="2.435">
<failure message="dashboard-data-loading.spec.ts:167:9 API responses have expected structure" type="FAILURE">
<![CDATA[  [docker-chromium] › dashboard-data-loading.spec.ts:167:9 › Dashboard Data Loading Validation › API Response Validation › API responses have expected structure 

    Error: page.waitForLoadState: Target page, context or browser has been closed

      10 |     // Navigate to dashboard and wait for initial load
      11 |     await page.goto('http://localhost:3000');
    > 12 |     await page.waitForLoadState('networkidle');
         |                ^
      13 |   });
      14 |
      15 |   test.describe('Critical Data Loading Tests', () => {
        at C:\cursor\ha-ingestor\tests\e2e\dashboard-data-loading.spec.ts:12:16

    Error: browserContext.close: Target page, context or browser has been closed
]]>
</failure>
</testcase>
<testcase name="Dashboard Data Loading Validation › Error State Detection › Detects and reports JSON parsing errors" classname="dashboard-data-loading.spec.ts" time="5.841">
<failure message="dashboard-data-loading.spec.ts:194:9 Detects and reports JSON parsing errors" type="FAILURE">
<![CDATA[  [docker-chromium] › dashboard-data-loading.spec.ts:194:9 › Dashboard Data Loading Validation › Error State Detection › Detects and reports JSON parsing errors 

    Error: page.waitForLoadState: Target page, context or browser has been closed

      10 |     // Navigate to dashboard and wait for initial load
      11 |     await page.goto('http://localhost:3000');
    > 12 |     await page.waitForLoadState('networkidle');
         |                ^
      13 |   });
      14 |
      15 |   test.describe('Critical Data Loading Tests', () => {
        at C:\cursor\ha-ingestor\tests\e2e\dashboard-data-loading.spec.ts:12:16

    Error: browserContext.close: Target page, context or browser has been closed
]]>
</failure>
</testcase>
<testcase name="Dashboard Data Loading Validation › Error State Detection › Error states are displayed correctly when APIs fail" classname="dashboard-data-loading.spec.ts" time="1.933">
<failure message="dashboard-data-loading.spec.ts:224:9 Error states are displayed correctly when APIs fail" type="FAILURE">
<![CDATA[  [docker-chromium] › dashboard-data-loading.spec.ts:224:9 › Dashboard Data Loading Validation › Error State Detection › Error states are displayed correctly when APIs fail 

    Error: page.waitForLoadState: Target page, context or browser has been closed

      10 |     // Navigate to dashboard and wait for initial load
      11 |     await page.goto('http://localhost:3000');
    > 12 |     await page.waitForLoadState('networkidle');
         |                ^
      13 |   });
      14 |
      15 |   test.describe('Critical Data Loading Tests', () => {
        at C:\cursor\ha-ingestor\tests\e2e\dashboard-data-loading.spec.ts:12:16

    Error: browserContext.close: Target page, context or browser has been closed
]]>
</failure>
</testcase>
<testcase name="Dashboard Data Loading Validation › Error State Detection › Retry mechanism works correctly" classname="dashboard-data-loading.spec.ts" time="2.009">
<failure message="dashboard-data-loading.spec.ts:244:9 Retry mechanism works correctly" type="FAILURE">
<![CDATA[  [docker-chromium] › dashboard-data-loading.spec.ts:244:9 › Dashboard Data Loading Validation › Error State Detection › Retry mechanism works correctly 

    Error: page.waitForLoadState: Target page, context or browser has been closed

      10 |     // Navigate to dashboard and wait for initial load
      11 |     await page.goto('http://localhost:3000');
    > 12 |     await page.waitForLoadState('networkidle');
         |                ^
      13 |   });
      14 |
      15 |   test.describe('Critical Data Loading Tests', () => {
        at C:\cursor\ha-ingestor\tests\e2e\dashboard-data-loading.spec.ts:12:16

    Error: browserContext.close: Target page, context or browser has been closed
]]>
</failure>
</testcase>
<testcase name="Dashboard Data Loading Validation › Performance and Reliability › Dashboard loads within acceptable time limits" classname="dashboard-data-loading.spec.ts" time="1.721">
<failure message="dashboard-data-loading.spec.ts:269:9 Dashboard loads within acceptable time limits" type="FAILURE">
<![CDATA[  [docker-chromium] › dashboard-data-loading.spec.ts:269:9 › Dashboard Data Loading Validation › Performance and Reliability › Dashboard loads within acceptable time limits 

    Error: page.waitForLoadState: Target page, context or browser has been closed

      10 |     // Navigate to dashboard and wait for initial load
      11 |     await page.goto('http://localhost:3000');
    > 12 |     await page.waitForLoadState('networkidle');
         |                ^
      13 |   });
      14 |
      15 |   test.describe('Critical Data Loading Tests', () => {
        at C:\cursor\ha-ingestor\tests\e2e\dashboard-data-loading.spec.ts:12:16

    Error: browserContext.close: Target page, context or browser has been closed
]]>
</failure>
</testcase>
<testcase name="Dashboard Data Loading Validation › Performance and Reliability › Multiple rapid navigations work without errors" classname="dashboard-data-loading.spec.ts" time="3.298">
<failure message="dashboard-data-loading.spec.ts:281:9 Multiple rapid navigations work without errors" type="FAILURE">
<![CDATA[  [docker-chromium] › dashboard-data-loading.spec.ts:281:9 › Dashboard Data Loading Validation › Performance and Reliability › Multiple rapid navigations work without errors 

    Error: page.waitForLoadState: Target page, context or browser has been closed

      10 |     // Navigate to dashboard and wait for initial load
      11 |     await page.goto('http://localhost:3000');
    > 12 |     await page.waitForLoadState('networkidle');
         |                ^
      13 |   });
      14 |
      15 |   test.describe('Critical Data Loading Tests', () => {
        at C:\cursor\ha-ingestor\tests\e2e\dashboard-data-loading.spec.ts:12:16

    Error: browserContext.close: Target page, context or browser has been closed
]]>
</failure>
</testcase>
</testsuite>
<testsuite name="dashboard-functionality.spec.ts" timestamp="2025-10-20T16:58:14.439Z" hostname="docker-chromium" tests="10" failures="10" skipped="0" time="71.401" errors="0">
<testcase name="Dashboard Functionality Tests › Main dashboard loads and displays all components" classname="dashboard-functionality.spec.ts" time="2.283">
<failure message="dashboard-functionality.spec.ts:14:7 Main dashboard loads and displays all components" type="FAILURE">
<![CDATA[  [docker-chromium] › dashboard-functionality.spec.ts:14:7 › Dashboard Functionality Tests › Main dashboard loads and displays all components 

    Error: page.waitForLoadState: Target page, context or browser has been closed

       9 |   test.beforeEach(async ({ page }) => {
      10 |     await page.goto('http://localhost:3000');
    > 11 |     await page.waitForLoadState('networkidle');
         |                ^
      12 |   });
      13 |
      14 |   test('Main dashboard loads and displays all components', async ({ page }) => {
        at C:\cursor\ha-ingestor\tests\e2e\dashboard-functionality.spec.ts:11:16

    Error: browserContext.close: Target page, context or browser has been closed
]]>
</failure>
</testcase>
<testcase name="Dashboard Functionality Tests › Navigation works correctly between screens" classname="dashboard-functionality.spec.ts" time="3.179">
<failure message="dashboard-functionality.spec.ts:30:7 Navigation works correctly between screens" type="FAILURE">
<![CDATA[  [docker-chromium] › dashboard-functionality.spec.ts:30:7 › Dashboard Functionality Tests › Navigation works correctly between screens 

    Error: page.waitForLoadState: Target page, context or browser has been closed

       9 |   test.beforeEach(async ({ page }) => {
      10 |     await page.goto('http://localhost:3000');
    > 11 |     await page.waitForLoadState('networkidle');
         |                ^
      12 |   });
      13 |
      14 |   test('Main dashboard loads and displays all components', async ({ page }) => {
        at C:\cursor\ha-ingestor\tests\e2e\dashboard-functionality.spec.ts:11:16

    Error: browserContext.close: Target page, context or browser has been closed
]]>
</failure>
</testcase>
<testcase name="Dashboard Functionality Tests › Refresh controls work correctly" classname="dashboard-functionality.spec.ts" time="2.936">
<failure message="dashboard-functionality.spec.ts:47:7 Refresh controls work correctly" type="FAILURE">
<![CDATA[  [docker-chromium] › dashboard-functionality.spec.ts:47:7 › Dashboard Functionality Tests › Refresh controls work correctly 

    Error: page.waitForLoadState: Target page, context or browser has been closed

       9 |   test.beforeEach(async ({ page }) => {
      10 |     await page.goto('http://localhost:3000');
    > 11 |     await page.waitForLoadState('networkidle');
         |                ^
      12 |   });
      13 |
      14 |   test('Main dashboard loads and displays all components', async ({ page }) => {
        at C:\cursor\ha-ingestor\tests\e2e\dashboard-functionality.spec.ts:11:16

    Error: browserContext.close: Target page, context or browser has been closed
]]>
</failure>
</testcase>
<testcase name="Dashboard Functionality Tests › Layout switcher changes dashboard layout" classname="dashboard-functionality.spec.ts" time="3.273">
<failure message="dashboard-functionality.spec.ts:64:7 Layout switcher changes dashboard layout" type="FAILURE">
<![CDATA[  [docker-chromium] › dashboard-functionality.spec.ts:64:7 › Dashboard Functionality Tests › Layout switcher changes dashboard layout 

    Error: page.waitForLoadState: Target page, context or browser has been closed

       9 |   test.beforeEach(async ({ page }) => {
      10 |     await page.goto('http://localhost:3000');
    > 11 |     await page.waitForLoadState('networkidle');
         |                ^
      12 |   });
      13 |
      14 |   test('Main dashboard loads and displays all components', async ({ page }) => {
        at C:\cursor\ha-ingestor\tests\e2e\dashboard-functionality.spec.ts:11:16

    Error: browserContext.close: Target page, context or browser has been closed
]]>
</failure>
</testcase>
<testcase name="Dashboard Functionality Tests › Health cards display correct information" classname="dashboard-functionality.spec.ts" time="28.771">
<failure message="dashboard-functionality.spec.ts:90:7 Health cards display correct information" type="FAILURE">
<![CDATA[  [docker-chromium] › dashboard-functionality.spec.ts:90:7 › Dashboard Functionality Tests › Health cards display correct information 

    Error: page.waitForLoadState: Target page, context or browser has been closed

       9 |   test.beforeEach(async ({ page }) => {
      10 |     await page.goto('http://localhost:3000');
    > 11 |     await page.waitForLoadState('networkidle');
         |                ^
      12 |   });
      13 |
      14 |   test('Main dashboard loads and displays all components', async ({ page }) => {
        at C:\cursor\ha-ingestor\tests\e2e\dashboard-functionality.spec.ts:11:16

[...]
<testcase name="Frontend UI Comprehensive Tests › Responsive Design › Mobile viewport displays correctly" classname="frontend-ui-comprehensive.spec.ts" time="0">
<skipped>
</skipped>
</testcase>
<testcase name="Frontend UI Comprehensive Tests › Responsive Design › Tablet viewport displays correctly" classname="frontend-ui-comprehensive.spec.ts" time="0">
<skipped>
</skipped>
</testcase>
<testcase name="Frontend UI Comprehensive Tests › Responsive Design › Large desktop viewport displays correctly" classname="frontend-ui-comprehensive.spec.ts" time="0">
<skipped>
</skipped>
</testcase>
<testcase name="Frontend UI Comprehensive Tests › Accessibility › Keyboard navigation works" classname="frontend-ui-comprehensive.spec.ts" time="0">
<skipped>
</skipped>
</testcase>
<testcase name="Frontend UI Comprehensive Tests › Accessibility › Screen reader compatibility" classname="frontend-ui-comprehensive.spec.ts" time="0">
<skipped>
</skipped>
</testcase>
<testcase name="Frontend UI Comprehensive Tests › Accessibility › Color contrast and visual indicators" classname="frontend-ui-comprehensive.spec.ts" time="0">
<skipped>
</skipped>
</testcase>
<testcase name="Frontend UI Comprehensive Tests › Performance and Loading › Page load performance" classname="frontend-ui-comprehensive.spec.ts" time="0">
<skipped>
</skipped>
</testcase>
<testcase name="Frontend UI Comprehensive Tests › Performance and Loading › Navigation performance" classname="frontend-ui-comprehensive.spec.ts" time="0">
<skipped>
</skipped>
</testcase>
<testcase name="Frontend UI Comprehensive Tests › Performance and Loading › Memory usage remains stable" classname="frontend-ui-comprehensive.spec.ts" time="0">
<skipped>
</skipped>
</testcase>
</testsuite>
<testsuite name="integration-performance-enhanced.spec.ts" timestamp="2025-10-20T16:58:14.439Z" hostname="docker-mobile-safari" tests="17" failures="0" skipped="17" time="0" errors="0">
<testcase name="Enhanced Integration and Performance Tests › Complete Data Flow Integration › End-to-end data flow from Home Assistant simulation to dashboard" classname="integration-performance-enhanced.spec.ts" time="0">
<skipped>
</skipped>
</testcase>
<testcase name="Enhanced Integration and Performance Tests › Complete Data Flow Integration › Service dependency chain validation" classname="integration-performance-enhanced.spec.ts" time="0">
<skipped>
</skipped>
</testcase>
<testcase name="Enhanced Integration and Performance Tests › Complete Data Flow Integration › Real-time data updates across all components" classname="integration-performance-enhanced.spec.ts" time="0">
<skipped>
</skipped>
</testcase>
<testcase name="Enhanced Integration and Performance Tests › Complete Data Flow Integration › Weather enrichment integration end-to-end" classname="integration-performance-enhanced.spec.ts" time="0">
<skipped>
</skipped>
</testcase>
<testcase name="Enhanced Integration and Performance Tests › Complete Data Flow Integration › Data retention service integration" classname="integration-performance-enhanced.spec.ts" time="0">
<skipped>
</skipped>
</testcase>
<testcase name="Enhanced Integration and Performance Tests › Performance and Load Testing › High-volume concurrent API requests" classname="integration-performance-enhanced.spec.ts" time="0">
<skipped>
</skipped>
</testcase>
<testcase name="Enhanced Integration and Performance Tests › Performance and Load Testing › Large dataset query performance" classname="integration-performance-enhanced.spec.ts" time="0">
<skipped>
</skipped>
</testcase>
<testcase name="Enhanced Integration and Performance Tests › Performance and Load Testing › Memory usage under continuous load" classname="integration-performance-enhanced.spec.ts" time="0">
<skipped>
</skipped>
</testcase>
<testcase name="Enhanced Integration and Performance Tests › Performance and Load Testing › Dashboard rendering performance under load" classname="integration-performance-enhanced.spec.ts" time="0">
<skipped>
</skipped>
</testcase>
<testcase name="Enhanced Integration and Performance Tests › Performance and Load Testing › WebSocket connection stability under load" classname="integration-performance-enhanced.spec.ts" time="0">
<skipped>
</skipped>
</testcase>
<testcase name="Enhanced Integration and Performance Tests › Error Recovery and Resilience › Service restart recovery" classname="integration-performance-enhanced.spec.ts" time="0">
<skipped>
</skipped>
</testcase>
<testcase name="Enhanced Integration and Performance Tests › Error Recovery and Resilience › Network interruption recovery" classname="integration-performance-enhanced.spec.ts" time="0">
<skipped>
</skipped>
</testcase>
<testcase name="Enhanced Integration and Performance Tests › Error Recovery and Resilience › Partial service failure handling" classname="integration-performance-enhanced.spec.ts" time="0">
<skipped>
</skipped>
</testcase>
<testcase name="Enhanced Integration and Performance Tests › Error Recovery and Resilience › Configuration change propagation" classname="integration-performance-enhanced.spec.ts" time="0">
<skipped>
</skipped>
</testcase>
<testcase name="Enhanced Integration and Performance Tests › Data Integrity and Consistency › Event data consistency across services" classname="integration-performance-enhanced.spec.ts" time="0">
<skipped>
</skipped>
</testcase>
<testcase name="Enhanced Integration and Performance Tests › Data Integrity and Consistency › Statistics accuracy and consistency" classname="integration-performance-enhanced.spec.ts" time="0">
<skipped>
</skipped>
</testcase>
<testcase name="Enhanced Integration and Performance Tests › Data Integrity and Consistency › Health status consistency across endpoints" classname="integration-performance-enhanced.spec.ts" time="0">
<skipped>
</skipped>
</testcase>
</testsuite>
<testsuite name="integration.spec.ts" timestamp="2025-10-20T16:58:14.439Z" hostname="docker-mobile-safari" tests="11" failures="0" skipped="11" time="0" errors="0">
<testcase name="Integration Tests › Complete data flow from Home Assistant to dashboard" classname="integration.spec.ts" time="0">
<skipped>
</skipped>
</testcase>
<testcase name="Integration Tests › Service dependency chain works correctly" classname="integration.spec.ts" time="0">
<skipped>
</skipped>
</testcase>
<testcase name="Integration Tests › Real-time data updates work end-to-end" classname="integration.spec.ts" time="0">
<skipped>
</skipped>
</testcase>
<testcase name="Integration Tests › Weather data enrichment integration works" classname="integration.spec.ts" time="0">
<skipped>
</skipped>
</testcase>
<testcase name="Integration Tests › Data retention service integration works" classname="integration.spec.ts" time="0">
<skipped>
</skipped>
</testcase>
<testcase name="Integration Tests › Admin API provides comprehensive system information" classname="integration.spec.ts" time="0">
<skipped>
</skipped>
</testcase>
<testcase name="Integration Tests › Error propagation and handling across services" classname="integration.spec.ts" time="0">
<skipped>
</skipped>
</testcase>
<testcase name="Integration Tests › Configuration changes propagate across services" classname="integration.spec.ts" time="0">
<skipped>
</skipped>
</testcase>
<testcase name="Integration Tests › WebSocket real-time updates work in dashboard" classname="integration.spec.ts" time="0">
<skipped>
</skipped>
</testcase>
<testcase name="Integration Tests › Performance metrics integration works" classname="integration.spec.ts" time="0">
<skipped>
</skipped>
</testcase>
<testcase name="Integration Tests › Data export integration works end-to-end" classname="integration.spec.ts" time="0">
<skipped>
</skipped>
</testcase>
</testsuite>
<testsuite name="monitoring-screen.spec.ts" timestamp="2025-10-20T16:58:14.439Z" hostname="docker-mobile-safari" tests="10" failures="0" skipped="10" time="0" errors="0">
<testcase name="Monitoring Screen Tests › Monitoring screen loads correctly" classname="monitoring-screen.spec.ts" time="0">
<skipped>
</skipped>
</testcase>
<testcase name="Monitoring Screen Tests › Service monitoring displays all services" classname="monitoring-screen.spec.ts" time="0">
<skipped>
</skipped>
</testcase>
<testcase name="Monitoring Screen Tests › Performance metrics display correctly" classname="monitoring-screen.spec.ts" time="0">
<skipped>
</skipped>
</testcase>
<testcase name="Monitoring Screen Tests › Real-time updates work correctly" classname="monitoring-screen.spec.ts" time="0">
<skipped>
</skipped>
</testcase>
<testcase name="Monitoring Screen Tests › Service details modal opens and displays information" classname="monitoring-screen.spec.ts" time="0">
<skipped>
</skipped>
</testcase>
<testcase name="Monitoring Screen Tests › Alert management displays active alerts" classname="monitoring-screen.spec.ts" time="0">
<skipped>
</skipped>
</testcase>
<testcase name="Monitoring Screen Tests › Log viewer displays service logs" classname="monitoring-screen.spec.ts" time="0">
<skipped>
</skipped>
</testcase>
<testcase name="Monitoring Screen Tests › Export functionality works for monitoring data" classname="monitoring-screen.spec.ts" time="0">
<skipped>
</skipped>
</testcase>
<testcase name="Monitoring Screen Tests › Monitoring screen is responsive on mobile" classname="monitoring-screen.spec.ts" time="0">
<skipped>
</skipped>
</testcase>
<testcase name="Monitoring Screen Tests › Error states are handled gracefully" classname="monitoring-screen.spec.ts" time="0">
<skipped>
</skipped>
</testcase>
</testsuite>
<testsuite name="performance.spec.ts" timestamp="2025-10-20T16:58:14.439Z" hostname="docker-mobile-safari" tests="13" failures="0" skipped="13" time="0" errors="0">
<testcase name="Performance Tests › Dashboard loads within acceptable time" classname="performance.spec.ts" time="0">
<skipped>
</skipped>
</testcase>
<testcase name="Performance Tests › API endpoints respond within acceptable time" classname="performance.spec.ts" time="0">
<skipped>
</skipped>
</testcase>
<testcase name="Performance Tests › Statistics API performs well under load" classname="performance.spec.ts" time="0">
<skipped>
</skipped>
</testcase>
<testcase name="Performance Tests › Events API handles pagination efficiently" classname="performance.spec.ts" time="0">
<skipped>
</skipped>
</testcase>
<testcase name="Performance Tests › Dashboard real-time updates perform well" classname="performance.spec.ts" time="0">
<skipped>
</skipped>
</testcase>
<testcase name="Performance Tests › Navigation between screens is fast" classname="performance.spec.ts" time="0">
<skipped>
</skipped>
</testcase>
<testcase name="Performance Tests › Chart rendering and interaction performance" classname="performance.spec.ts" time="0">
<skipped>
</skipped>
</testcase>
<testcase name="Performance Tests › Large datasets are handled efficiently" classname="performance.spec.ts" time="0">
<skipped>
</skipped>
</testcase>
<testcase name="Performance Tests › Memory usage remains stable during extended use" classname="performance.spec.ts" time="0">
<skipped>
</skipped>
</testcase>
<testcase name="Performance Tests › Concurrent user simulation performs well" classname="performance.spec.ts" time="0">
<skipped>
</skipped>
</testcase>
<testcase name="Performance Tests › WebSocket connection and message handling performance" classname="performance.spec.ts" time="0">
<skipped>
</skipped>
</testcase>
<testcase name="Performance Tests › Database query performance is acceptable" classname="performance.spec.ts" time="0">
<skipped>
</skipped>
</testcase>
<testcase name="Performance Tests › Mobile performance is acceptable" classname="performance.spec.ts" time="0">
<skipped>
</skipped>
</testcase>
</testsuite>
<testsuite name="settings-screen.spec.ts" timestamp="2025-10-20T16:58:14.439Z" hostname="docker-mobile-safari" tests="11" failures="0" skipped="11" time="0" errors="0">
<testcase name="Settings Screen Tests › Settings screen loads correctly" classname="settings-screen.spec.ts" time="0">
<skipped>
</skipped>
</testcase>
<testcase name="Settings Screen Tests › Settings navigation tabs work correctly" classname="settings-screen.spec.ts" time="0">
<skipped>
</skipped>
</testcase>
<testcase name="Settings Screen Tests › General settings can be modified and saved" classname="settings-screen.spec.ts" time="0">
<skipped>
</skipped>
</testcase>
<testcase name="Settings Screen Tests › API configuration settings work correctly" classname="settings-screen.spec.ts" time="0">
<skipped>
</skipped>
</testcase>
<testcase name="Settings Screen Tests › Notification settings can be configured" classname="settings-screen.spec.ts" time="0">
<skipped>
</skipped>
</testcase>
<testcase name="Settings Screen Tests › Data retention settings work correctly" classname="settings-screen.spec.ts" time="0">
<skipped>
</skipped>
</testcase>
<testcase name="Settings Screen Tests › Security settings work correctly" classname="settings-screen.spec.ts" time="0">
<skipped>
</skipped>
</testcase>
<testcase name="Settings Screen Tests › Configuration backup and restore works" classname="settings-screen.spec.ts" time="0">
<skipped>
</skipped>
</testcase>
<testcase name="Settings Screen Tests › Settings validation works correctly" classname="settings-screen.spec.ts" time="0">
<skipped>
</skipped>
</testcase>
<testcase name="Settings Screen Tests › Settings screen is responsive on mobile" classname="settings-screen.spec.ts" time="0">
<skipped>
</skipped>
</testcase>
<testcase name="Settings Screen Tests › Settings reset to defaults works" classname="settings-screen.spec.ts" time="0">
<skipped>
</skipped>
</testcase>
</testsuite>
<testsuite name="system-health.spec.ts" timestamp="2025-10-20T16:58:14.439Z" hostname="docker-mobile-safari" tests="6" failures="0" skipped="6" time="0" errors="0">
<testcase name="System Health Tests › All services are healthy and responding" classname="system-health.spec.ts" time="0">
<skipped>
</skipped>
</testcase>
<testcase name="System Health Tests › Health dashboard displays system status correctly" classname="system-health.spec.ts" time="0">
<skipped>
</skipped>
</testcase>
<testcase name="System Health Tests › Statistics endpoint returns valid data" classname="system-health.spec.ts" time="0">
<skipped>
</skipped>
</testcase>
<testcase name="System Health Tests › Recent events endpoint returns data" classname="system-health.spec.ts" time="0">
<skipped>
</skipped>
</testcase>
<testcase name="System Health Tests › WebSocket connection establishes successfully" classname="system-health.spec.ts" time="0">
<skipped>
</skipped>
</testcase>
<testcase name="System Health Tests › Error handling works correctly when services are down" classname="system-health.spec.ts" time="0">
<skipped>
</skipped>
</testcase>
</testsuite>
<testsuite name="user-journey-complete.spec.ts" timestamp="2025-10-20T16:58:14.439Z" hostname="docker-mobile-safari" tests="14" failures="0" skipped="14" time="0" errors="0">
<testcase name="Complete User Journey Tests › New User Onboarding Journey › First-time user dashboard exploration" classname="user-journey-complete.spec.ts" time="0">
<skipped>
</skipped>
</testcase>
<testcase name="Complete User Journey Tests › New User Onboarding Journey › User discovers system capabilities" classname="user-journey-complete.spec.ts" time="0">
<skipped>
</skipped>
</testcase>
<testcase name="Complete User Journey Tests › System Administrator Journey › Admin monitors system health and performance" classname="user-journey-complete.spec.ts" time="0">
<skipped>
</skipped>
</testcase>
<testcase name="Complete User Journey Tests › System Administrator Journey › Admin configures system settings" classname="user-journey-complete.spec.ts" time="0">
<skipped>
</skipped>
</testcase>
<testcase name="Complete User Journey Tests › System Administrator Journey › Admin investigates system issues" classname="user-journey-complete.spec.ts" time="0">
<skipped>
</skipped>
</testcase>
<testcase name="Complete User Journey Tests › Data Analyst Journey › Analyst explores event data and trends" classname="user-journey-complete.spec.ts" time="0">
<skipped>
</skipped>
</testcase>
<testcase name="Complete User Journey Tests › Data Analyst Journey › Analyst monitors data flow and processing" classname="user-journey-complete.spec.ts" time="0">
<skipped>
</skipped>
</testcase>
<testcase name="Complete User Journey Tests › Mobile User Journey › Mobile user navigates system on small screen" classname="user-journey-complete.spec.ts" time="0">
<skipped>
</skipped>
</testcase>
<testcase name="Complete User Journey Tests › Power User Journey › Power user performs rapid system operations" classname="user-journey-complete.spec.ts" time="0">
<skipped>
</skipped>
</testcase>
<testcase name="Complete User Journey Tests › Power User Journey › Power user tests system under load" classname="user-journey-complete.spec.ts" time="0">
<skipped>
</skipped>
</testcase>
<testcase name="Complete User Journey Tests › Error Recovery Journey › User recovers from system errors gracefully" classname="user-journey-complete.spec.ts" time="0">
<skipped>
</skipped>
</testcase>
<testcase name="Complete User Journey Tests › Error Recovery Journey › User continues working despite partial failures" classname="user-journey-complete.spec.ts" time="0">
<skipped>
</skipped>
</testcase>
<testcase name="Complete User Journey Tests › Accessibility Journey › Screen reader user navigates system" classname="user-journey-complete.spec.ts" time="0">
<skipped>
</skipped>
</testcase>
<testcase name="Complete User Journey Tests › Accessibility Journey › High contrast user views system" classname="user-journey-complete.spec.ts" time="0">
<skipped>
</skipped>
</testcase>
</testsuite>
<testsuite name="visual-regression.spec.ts" timestamp="2025-10-20T16:58:14.439Z" hostname="docker-mobile-safari" tests="13" failures="0" skipped="13" time="0" errors="0">
<testcase name="Visual Regression Tests › Dashboard screen visual consistency" classname="visual-regression.spec.ts" time="0">
<skipped>
</skipped>
</testcase>
<testcase name="Visual Regression Tests › Monitoring screen visual consistency" classname="visual-regression.spec.ts" time="0">
<skipped>
</skipped>
</testcase>
<testcase name="Visual Regression Tests › Settings screen visual consistency" classname="visual-regression.spec.ts" time="0">
<skipped>
</skipped>
</testcase>
<testcase name="Visual Regression Tests › Navigation component visual consistency" classname="visual-regression.spec.ts" time="0">
<skipped>
</skipped>
</testcase>
<testcase name="Visual Regression Tests › Health cards visual consistency" classname="visual-regression.spec.ts" time="0">
<skipped>
</skipped>
</testcase>
<testcase name="Visual Regression Tests › Mobile responsive design visual consistency" classname="visual-regression.spec.ts" time="0">
<skipped>
</skipped>
</testcase>
<testcase name="Visual Regression Tests › Tablet responsive design visual consistency" classname="visual-regression.spec.ts" time="0">
<skipped>
</skipped>
</testcase>
<testcase name="Visual Regression Tests › Dark theme visual consistency" classname="visual-regression.spec.ts" time="0">
<skipped>
</skipped>
</testcase>
<testcase name="Visual Regression Tests › Loading states visual consistency" classname="visual-regression.spec.ts" time="0">
<skipped>
</skipped>
</testcase>
<testcase name="Visual Regression Tests › Error states visual consistency" classname="visual-regression.spec.ts" time="0">
<skipped>
</skipped>
</testcase>
<testcase name="Visual Regression Tests › Modal dialogs visual consistency" classname="visual-regression.spec.ts" time="0">
<skipped>
</skipped>
</testcase>
<testcase name="Visual Regression Tests › Form elements visual consistency" classname="visual-regression.spec.ts" time="0">
<skipped>
</skipped>
</testcase>
<testcase name="Visual Regression Tests › Chart components visual consistency" classname="visual-regression.spec.ts" time="0">
<skipped>
</skipped>
</testcase>
</testsuite>
</testsuites>